{
  "RSpec": {
    "coverage": {
      "/Users/gaurijoshi/turing/3Module/projects/sweater_weather/sweather_weather/spec/facades/location_facade_spec.rb": {
        "lines": [
          1,
          null,
          1,
          1,
          null,
          1,
          1,
          null,
          1,
          1,
          1,
          1,
          1,
          null,
          null,
          1,
          null,
          1,
          1,
          null,
          null,
          1,
          1,
          1,
          null,
          null
        ]
      },
      "/Users/gaurijoshi/turing/3Module/projects/sweater_weather/sweather_weather/spec/rails_helper.rb": {
        "lines": [
          null,
          1,
          1,
          1,
          null,
          1,
          1,
          null,
          null,
          null,
          null,
          null,
          null,
          null,
          null,
          null,
          null,
          null,
          null,
          null,
          null,
          null,
          null,
          null,
          null,
          null,
          null,
          1,
          null,
          0,
          0,
          null,
          1,
          null,
          1,
          null,
          null,
          null,
          null,
          1,
          null,
          null,
          null,
          null,
          null,
          null,
          null,
          null,
          null,
          null,
          null,
          null,
          null,
          null,
          null,
          null,
          null,
          1,
          null,
          null,
          1,
          1,
          null,
          null,
          null,
          null,
          1,
          1,
          1,
          11,
          11,
          1,
          1,
          1,
          null,
          1,
          1,
          1,
          1,
          null,
          null
        ]
      },
      "/Users/gaurijoshi/turing/3Module/projects/sweater_weather/sweather_weather/config/environment.rb": {
        "lines": [
          null,
          1,
          null,
          null,
          1
        ]
      },
      "/Users/gaurijoshi/turing/3Module/projects/sweater_weather/sweather_weather/config/application.rb": {
        "lines": [
          1,
          null,
          1,
          null,
          1,
          1,
          1,
          1,
          1,
          1,
          1,
          1,
          null,
          null,
          null,
          null,
          null,
          1,
          null,
          1,
          1,
          null,
          1,
          null,
          null,
          null,
          null,
          null,
          null,
          null,
          null,
          null,
          1,
          null,
          null
        ]
      },
      "/Users/gaurijoshi/turing/3Module/projects/sweater_weather/sweather_weather/config/boot.rb": {
        "lines": [
          1,
          null,
          1,
          1
        ]
      },
      "/Users/gaurijoshi/turing/3Module/projects/sweater_weather/sweather_weather/config/environments/test.rb": {
        "lines": [
          1,
          null,
          null,
          null,
          null,
          null,
          null,
          1,
          null,
          null,
          null,
          null,
          1,
          null,
          null,
          1,
          1,
          null,
          null,
          null,
          null,
          1,
          1,
          null,
          null,
          1,
          null,
          null,
          1,
          null,
          null,
          1,
          null,
          1,
          null,
          null,
          null,
          null,
          1,
          null,
          null,
          1,
          null,
          null,
          null,
          null
        ]
      },
      "/Users/gaurijoshi/turing/3Module/projects/sweater_weather/sweather_weather/config/initializers/application_controller_renderer.rb": {
        "lines": [
          null,
          null,
          null,
          null,
          null,
          null,
          null,
          null
        ]
      },
      "/Users/gaurijoshi/turing/3Module/projects/sweater_weather/sweather_weather/config/initializers/backtrace_silencers.rb": {
        "lines": [
          null,
          null,
          null,
          null,
          null,
          null,
          null
        ]
      },
      "/Users/gaurijoshi/turing/3Module/projects/sweater_weather/sweather_weather/config/initializers/cors.rb": {
        "lines": [
          null,
          null,
          null,
          null,
          null,
          null,
          null,
          null,
          null,
          null,
          null,
          null,
          null,
          null,
          null,
          null
        ]
      },
      "/Users/gaurijoshi/turing/3Module/projects/sweater_weather/sweather_weather/config/initializers/filter_parameter_logging.rb": {
        "lines": [
          null,
          null,
          null,
          1
        ]
      },
      "/Users/gaurijoshi/turing/3Module/projects/sweater_weather/sweather_weather/config/initializers/inflections.rb": {
        "lines": [
          null,
          null,
          null,
          null,
          null,
          null,
          null,
          null,
          null,
          null,
          null,
          null,
          null,
          null,
          null,
          null
        ]
      },
      "/Users/gaurijoshi/turing/3Module/projects/sweater_weather/sweather_weather/config/initializers/mime_types.rb": {
        "lines": [
          null,
          null,
          null,
          null
        ]
      },
      "/Users/gaurijoshi/turing/3Module/projects/sweater_weather/sweather_weather/config/initializers/wrap_parameters.rb": {
        "lines": [
          null,
          null,
          null,
          null,
          null,
          null,
          1,
          2,
          null,
          null,
          null,
          null,
          null,
          null
        ]
      },
      "/Users/gaurijoshi/turing/3Module/projects/sweater_weather/sweather_weather/config/routes.rb": {
        "lines": [
          1,
          1,
          1,
          1,
          1,
          1,
          1,
          null,
          null,
          null
        ]
      },
      "/Users/gaurijoshi/turing/3Module/projects/sweater_weather/sweather_weather/app/facades/location_facade.rb": {
        "lines": [
          1,
          1,
          4,
          null,
          4,
          null,
          4,
          4,
          null,
          4,
          4,
          null,
          4,
          null,
          null,
          null
        ]
      },
      "/Users/gaurijoshi/turing/3Module/projects/sweater_weather/sweather_weather/spec/facades/roadtrip_facade_spec.rb": {
        "lines": [
          1,
          null,
          1,
          1,
          null,
          1,
          null,
          1,
          1,
          1,
          1,
          1,
          1,
          1,
          null,
          null,
          null,
          null
        ]
      },
      "/Users/gaurijoshi/turing/3Module/projects/sweater_weather/sweather_weather/app/facades/roadtrip_facade.rb": {
        "lines": [
          1,
          1,
          null,
          2,
          2,
          2,
          2,
          null,
          2,
          null,
          null,
          null
        ]
      },
      "/Users/gaurijoshi/turing/3Module/projects/sweater_weather/sweather_weather/spec/facades/weather_facade_spec.rb": {
        "lines": [
          1,
          null,
          1,
          1,
          1,
          null,
          1,
          1,
          1,
          1,
          1,
          1,
          1,
          null,
          null
        ]
      },
      "/Users/gaurijoshi/turing/3Module/projects/sweater_weather/sweather_weather/app/facades/weather_facade.rb": {
        "lines": [
          1,
          1,
          6,
          null,
          6,
          6,
          6,
          null,
          6,
          30,
          null,
          null,
          6,
          48,
          null,
          null,
          6,
          null,
          null,
          null
        ]
      },
      "/Users/gaurijoshi/turing/3Module/projects/sweater_weather/sweather_weather/spec/models/user_spec.rb": {
        "lines": [
          1,
          null,
          1,
          1,
          2,
          2,
          2,
          null,
          null
        ]
      },
      "/Users/gaurijoshi/turing/3Module/projects/sweater_weather/sweather_weather/app/models/user.rb": {
        "lines": [
          1,
          1,
          1,
          1,
          null
        ]
      },
      "/Users/gaurijoshi/turing/3Module/projects/sweater_weather/sweather_weather/app/models/application_record.rb": {
        "lines": [
          1,
          1,
          null
        ]
      },
      "/Users/gaurijoshi/turing/3Module/projects/sweater_weather/sweather_weather/spec/poros/daily_weather_spec.rb": {
        "lines": [
          1,
          null,
          1,
          1,
          null,
          null,
          1,
          null,
          null,
          null,
          null,
          null,
          null,
          null,
          null,
          null,
          null,
          null,
          null,
          1,
          1,
          1,
          1,
          1,
          1,
          1,
          1,
          1,
          null,
          null
        ]
      },
      "/Users/gaurijoshi/turing/3Module/projects/sweater_weather/sweather_weather/app/poros/daily_weather.rb": {
        "lines": [
          1,
          1,
          1,
          31,
          31,
          31,
          31,
          31,
          31,
          31,
          null,
          null
        ]
      },
      "/Users/gaurijoshi/turing/3Module/projects/sweater_weather/sweather_weather/spec/poros/hourly_weather_spec.rb": {
        "lines": [
          1,
          null,
          1,
          1,
          null,
          null,
          1,
          null,
          null,
          null,
          null,
          null,
          null,
          1,
          null,
          1,
          1,
          1,
          1,
          1,
          null,
          null
        ]
      },
      "/Users/gaurijoshi/turing/3Module/projects/sweater_weather/sweather_weather/app/poros/hourly_weather.rb": {
        "lines": [
          1,
          1,
          1,
          49,
          49,
          49,
          49,
          null,
          null
        ]
      },
      "/Users/gaurijoshi/turing/3Module/projects/sweater_weather/sweather_weather/spec/poros/roadtrip_spec.rb": {
        "lines": [
          1,
          null,
          1,
          1,
          null,
          1,
          1,
          null,
          null,
          1,
          null,
          null,
          null,
          1,
          1,
          null,
          null,
          1,
          1,
          null,
          1,
          null,
          null
        ]
      },
      "/Users/gaurijoshi/turing/3Module/projects/sweater_weather/sweather_weather/app/poros/roadtrip.rb": {
        "lines": [
          1,
          1,
          1,
          null,
          3,
          3,
          null,
          3,
          3,
          null,
          null
        ]
      },
      "/Users/gaurijoshi/turing/3Module/projects/sweater_weather/sweather_weather/spec/poros/weather_spec.rb": {
        "lines": [
          1,
          null,
          1,
          1,
          null,
          null,
          null,
          1,
          null,
          null,
          null,
          null,
          null,
          null,
          null,
          null,
          null,
          null,
          null,
          null,
          null,
          null,
          1,
          null,
          1,
          1,
          1,
          1,
          1,
          1,
          1,
          1,
          1,
          1,
          1,
          null,
          null
        ]
      },
      "/Users/gaurijoshi/turing/3Module/projects/sweater_weather/sweather_weather/app/poros/weather.rb": {
        "lines": [
          1,
          1,
          null,
          null,
          null,
          null,
          null,
          null,
          null,
          null,
          null,
          null,
          1,
          7,
          7,
          7,
          7,
          7,
          7,
          7,
          7,
          7,
          7,
          null,
          null,
          null
        ]
      },
      "/Users/gaurijoshi/turing/3Module/projects/sweater_weather/sweather_weather/spec/requests/api/v1/road_trip_request_spec.rb": {
        "lines": [
          1,
          null,
          1,
          1,
          1,
          null,
          null,
          1,
          null,
          null,
          null,
          1,
          null,
          1,
          null,
          1,
          null,
          1,
          1,
          1,
          1,
          1,
          1,
          null,
          null
        ]
      },
      "/Users/gaurijoshi/turing/3Module/projects/sweater_weather/sweather_weather/spec/requests/api/v1/session_request_spec.rb": {
        "lines": [
          1,
          null,
          1,
          1,
          null,
          1,
          null,
          1,
          null,
          1,
          null,
          1,
          1,
          null,
          1,
          1,
          1,
          1,
          1,
          1,
          1,
          1,
          1,
          1,
          1,
          null,
          null
        ]
      },
      "/Users/gaurijoshi/turing/3Module/projects/sweater_weather/sweather_weather/spec/requests/api/v1/user_request_spec.rb": {
        "lines": [
          1,
          null,
          1,
          1,
          null,
          1,
          null,
          1,
          null,
          1,
          null,
          1,
          1,
          null,
          null,
          null,
          1,
          1,
          1,
          1,
          1,
          1,
          1,
          1,
          1,
          1,
          null,
          null,
          1,
          null,
          1,
          null,
          null,
          null,
          null,
          1,
          null,
          1,
          null,
          1,
          1,
          1,
          null,
          null
        ]
      },
      "/Users/gaurijoshi/turing/3Module/projects/sweater_weather/sweather_weather/spec/requests/api/v1/weather_request_spec.rb": {
        "lines": [
          1,
          null,
          1,
          1,
          1,
          null,
          1,
          null,
          1,
          null,
          1,
          null,
          1,
          1,
          1,
          1,
          1,
          1,
          1,
          1,
          1,
          1,
          1,
          1,
          1,
          1,
          1,
          1,
          1,
          1,
          1,
          1,
          1,
          1,
          1,
          1,
          1,
          1,
          1,
          1,
          1,
          1,
          null,
          null,
          null,
          1,
          1,
          null,
          1,
          null,
          1,
          null,
          1,
          null,
          1,
          1,
          1,
          1,
          1,
          1,
          1,
          1,
          1,
          1,
          1,
          1,
          1,
          1,
          1,
          1,
          1,
          1,
          null,
          null,
          null
        ]
      },
      "/Users/gaurijoshi/turing/3Module/projects/sweater_weather/sweather_weather/spec/services/location_service_spec.rb": {
        "lines": [
          1,
          null,
          1,
          1,
          null,
          1,
          null,
          null,
          1,
          1,
          1,
          1,
          1,
          1,
          null,
          null
        ]
      },
      "/Users/gaurijoshi/turing/3Module/projects/sweater_weather/sweather_weather/app/services/location_service.rb": {
        "lines": [
          1,
          1,
          5,
          5,
          null,
          null,
          null,
          1,
          5,
          5,
          null,
          null,
          null
        ]
      },
      "/Users/gaurijoshi/turing/3Module/projects/sweater_weather/sweather_weather/spec/services/weather_service_spec.rb": {
        "lines": [
          1,
          null,
          1,
          1,
          null,
          1,
          null,
          1,
          1,
          1,
          1,
          1,
          1,
          1,
          1,
          1,
          1,
          1,
          1,
          null,
          null,
          1,
          1,
          null,
          1,
          1,
          1,
          1,
          1,
          1,
          null,
          null,
          1,
          1,
          null,
          1,
          1,
          1,
          1,
          1,
          1,
          null,
          null
        ]
      },
      "/Users/gaurijoshi/turing/3Module/projects/sweater_weather/sweather_weather/app/services/weather_service.rb": {
        "lines": [
          1,
          1,
          9,
          9,
          null,
          null,
          null,
          1,
          9,
          9,
          null,
          null,
          null
        ]
      },
      "/Users/gaurijoshi/turing/3Module/projects/sweater_weather/sweather_weather/app/services/roadtrip_service.rb": {
        "lines": [
          1,
          1,
          4,
          4,
          null,
          null,
          null,
          null,
          1,
          4,
          4,
          4,
          null,
          4,
          null,
          null,
          null
        ]
      },
      "/Users/gaurijoshi/turing/3Module/projects/sweater_weather/sweather_weather/app/controllers/api/v1/roadtrips_controller.rb": {
        "lines": [
          1,
          1,
          null,
          1,
          1,
          null,
          1,
          null,
          null,
          null,
          null,
          1,
          null,
          null,
          null
        ]
      },
      "/Users/gaurijoshi/turing/3Module/projects/sweater_weather/sweather_weather/app/controllers/application_controller.rb": {
        "lines": [
          1,
          null
        ]
      },
      "/Users/gaurijoshi/turing/3Module/projects/sweater_weather/sweather_weather/app/serializers/roadtrip_serializer.rb": {
        "lines": [
          1,
          1,
          1,
          null,
          null,
          1,
          null,
          null,
          null,
          null,
          null,
          null,
          null,
          null,
          null,
          null,
          null,
          null,
          null,
          null,
          null
        ]
      },
      "/Users/gaurijoshi/turing/3Module/projects/sweater_weather/sweather_weather/app/controllers/api/v1/sessions_controller.rb": {
        "lines": [
          1,
          1,
          1,
          1,
          1,
          1,
          1,
          null,
          0,
          null,
          null,
          null,
          null
        ]
      },
      "/Users/gaurijoshi/turing/3Module/projects/sweater_weather/sweather_weather/app/serializers/user_serializer.rb": {
        "lines": [
          1,
          null,
          null,
          1,
          null,
          2,
          null,
          null,
          null,
          null,
          null,
          null,
          null,
          null,
          null,
          null
        ]
      },
      "/Users/gaurijoshi/turing/3Module/projects/sweater_weather/sweather_weather/app/controllers/api/v1/users_controller.rb": {
        "lines": [
          1,
          1,
          2,
          1,
          1,
          null,
          1,
          null,
          1,
          1,
          null,
          null,
          null,
          null,
          1,
          null,
          1,
          0,
          null,
          null,
          null
        ]
      },
      "/Users/gaurijoshi/turing/3Module/projects/sweater_weather/sweather_weather/app/controllers/api/v1/landing_controller.rb": {
        "lines": [
          1,
          1,
          2,
          null,
          2,
          null,
          2,
          null,
          null,
          null
        ]
      },
      "/Users/gaurijoshi/turing/3Module/projects/sweater_weather/sweather_weather/app/serializers/weather_serializer.rb": {
        "lines": [
          1,
          1,
          null,
          2,
          2,
          2,
          null,
          null,
          null,
          1,
          null,
          2,
          null,
          null,
          null,
          null,
          null,
          null,
          null,
          null,
          null,
          null,
          null,
          null,
          null,
          null,
          null,
          null,
          null,
          null,
          null,
          null,
          null,
          null,
          null,
          null,
          null,
          null,
          null,
          null,
          null,
          null,
          null,
          null,
          null,
          null,
          null,
          null,
          null,
          null,
          null,
          null,
          null,
          null,
          null,
          null,
          null,
          null,
          null,
          null,
          null,
          null,
          null,
          null,
          null,
          null,
          null,
          null,
          null,
          null,
          null,
          null,
          null,
          null,
          null,
          null,
          null,
          null,
          null,
          null,
          null,
          null,
          null,
          null,
          null,
          null,
          null,
          null,
          null,
          null,
          null,
          null,
          null,
          null,
          null,
          null,
          null,
          null,
          null,
          null,
          null,
          null,
          null,
          null,
          null,
          null,
          null,
          null,
          null,
          null,
          null,
          null,
          null,
          null,
          null,
          null,
          null,
          null,
          null,
          null,
          null,
          null,
          null,
          null,
          null,
          null,
          null,
          null,
          null,
          null
        ]
      }
    },
    "timestamp": 1664308954
  }
}
